<?xml version="1.0" encoding="UTF-8"?>
<!-- Generated by org.testng.reporters.JUnitReportReporter -->
<testsuite hostname="INLEN8520087506" failures="0" tests="2" name="com.myntra.tests.MyntraTests" time="38.037" errors="0" timestamp="2023-01-09T17:29:05 IST" skipped="0">
  <testcase classname="com.myntra.tests.MyntraTests" name="verifySearchPage" time="9.843"/>
  <system-out/>
  <testcase classname="com.myntra.tests.MyntraTests" name="verifyAddToCartPage" time="28.194"/>
  <system-out/>
</testsuite> <!-- com.myntra.tests.MyntraTests -->
